0 info it worked if it ends with ok
1 verbose cli [ '/Users/toddmoore/.nvm/v0.10.38/bin/node',
1 verbose cli   '/Users/toddmoore/.nvm/v0.10.38/bin/npm',
1 verbose cli   'install' ]
2 info using npm@1.4.28
3 info using node@v0.10.38
4 verbose readDependencies using package.json deps
5 verbose install where, deps [ '/Users/toddmoore/Development/docker-compose-nodejs-examples/03-express-gulp-watch/app',
5 verbose install   [ 'gulp',
5 verbose install     'gulp-nodemon',
5 verbose install     'gulp-watch',
5 verbose install     'gulp-ruby-sass',
5 verbose install     'gulp-plumber',
5 verbose install     'gulp-livereload',
5 verbose install     'browser-sync',
5 verbose install     'jspm' ] ]
6 info preinstall app@0.0.0
7 verbose readDependencies using package.json deps
8 verbose already installed skipping gulp-plumber@~0.6.6 /Users/toddmoore/Development/docker-compose-nodejs-examples/03-express-gulp-watch/app
9 verbose already installed skipping gulp-livereload@~2.1.1 /Users/toddmoore/Development/docker-compose-nodejs-examples/03-express-gulp-watch/app
10 verbose already installed skipping browser-sync@^2.6.5 /Users/toddmoore/Development/docker-compose-nodejs-examples/03-express-gulp-watch/app
11 verbose cache add [ 'jspm@latest', null ]
12 verbose cache add name=undefined spec="jspm@latest" args=["jspm@latest",null]
13 verbose parsed url { protocol: null,
13 verbose parsed url   slashes: null,
13 verbose parsed url   auth: null,
13 verbose parsed url   host: null,
13 verbose parsed url   port: null,
13 verbose parsed url   hostname: null,
13 verbose parsed url   hash: null,
13 verbose parsed url   search: null,
13 verbose parsed url   query: null,
13 verbose parsed url   pathname: 'jspm@latest',
13 verbose parsed url   path: 'jspm@latest',
13 verbose parsed url   href: 'jspm@latest' }
14 verbose already installed skipping gulp@~3.8.8 /Users/toddmoore/Development/docker-compose-nodejs-examples/03-express-gulp-watch/app
15 verbose already installed skipping gulp-nodemon@~1.0.4 /Users/toddmoore/Development/docker-compose-nodejs-examples/03-express-gulp-watch/app
16 verbose cache add name="jspm" spec="latest" args=["jspm","latest"]
17 verbose parsed url { protocol: null,
17 verbose parsed url   slashes: null,
17 verbose parsed url   auth: null,
17 verbose parsed url   host: null,
17 verbose parsed url   port: null,
17 verbose parsed url   hostname: null,
17 verbose parsed url   hash: null,
17 verbose parsed url   search: null,
17 verbose parsed url   query: null,
17 verbose parsed url   pathname: 'latest',
17 verbose parsed url   path: 'latest',
17 verbose parsed url   href: 'latest' }
18 verbose addNamed [ 'jspm', 'latest' ]
19 verbose addNamed [ null, null ]
20 silly lockFile bb3625ea-jspm-latest jspm@latest
21 verbose lock jspm@latest /Users/toddmoore/.npm/bb3625ea-jspm-latest.lock
22 info addNameTag [ 'jspm', 'latest' ]
23 verbose already installed skipping gulp-watch@~1.1.0 /Users/toddmoore/Development/docker-compose-nodejs-examples/03-express-gulp-watch/app
24 verbose already installed skipping gulp-ruby-sass@~1.0.1 /Users/toddmoore/Development/docker-compose-nodejs-examples/03-express-gulp-watch/app
25 verbose request where is /jspm
26 verbose request registry https://registry.npmjs.org/
27 verbose request id 08a53b99e2545283
28 verbose url raw /jspm
29 verbose url resolving [ 'https://registry.npmjs.org/', './jspm' ]
30 verbose url resolved https://registry.npmjs.org/jspm
31 verbose request where is https://registry.npmjs.org/jspm
32 info trying registry request attempt 1 at 16:53:49
33 verbose etag "7QEBK8D5291S1S9HNDGJV9EJS"
34 http GET https://registry.npmjs.org/jspm
35 http 304 https://registry.npmjs.org/jspm
36 silly registry.get cb [ 304,
36 silly registry.get   { date: 'Sun, 09 Aug 2015 06:53:50 GMT',
36 silly registry.get     via: '1.1 varnish',
36 silly registry.get     'cache-control': 'max-age=60',
36 silly registry.get     etag: '"7QEBK8D5291S1S9HNDGJV9EJS"',
36 silly registry.get     age: '37',
36 silly registry.get     connection: 'keep-alive',
36 silly registry.get     'x-served-by': 'cache-syd1623-SYD',
36 silly registry.get     'x-cache': 'HIT',
36 silly registry.get     'x-cache-hits': '1',
36 silly registry.get     'x-timer': 'S1439103230.547910,VS0,VE0',
36 silly registry.get     vary: 'Accept' } ]
37 verbose etag https://registry.npmjs.org/jspm from cache
38 verbose addNamed [ 'jspm', '0.15.7' ]
39 verbose addNamed [ '0.15.7', '0.15.7' ]
40 silly lockFile e82ac05d-jspm-0-15-7 jspm@0.15.7
41 verbose lock jspm@0.15.7 /Users/toddmoore/.npm/e82ac05d-jspm-0-15-7.lock
42 silly lockFile e82ac05d-jspm-0-15-7 jspm@0.15.7
43 silly lockFile e82ac05d-jspm-0-15-7 jspm@0.15.7
44 silly lockFile bb3625ea-jspm-latest jspm@latest
45 silly lockFile bb3625ea-jspm-latest jspm@latest
46 info already installed jspm@0.15.7
47 silly resolved []
48 info build /Users/toddmoore/Development/docker-compose-nodejs-examples/03-express-gulp-watch/app
49 verbose linkStuff [ false,
49 verbose linkStuff   false,
49 verbose linkStuff   false,
49 verbose linkStuff   '/Users/toddmoore/Development/docker-compose-nodejs-examples/03-express-gulp-watch' ]
50 info linkStuff app@0.0.0
51 verbose linkBins app@0.0.0
52 verbose linkMans app@0.0.0
53 verbose rebuildBundles app@0.0.0
54 verbose rebuildBundles [ 'browser-sync',
54 verbose rebuildBundles   'gulp',
54 verbose rebuildBundles   'gulp-livereload',
54 verbose rebuildBundles   'gulp-nodemon',
54 verbose rebuildBundles   'gulp-plumber',
54 verbose rebuildBundles   'gulp-ruby-sass',
54 verbose rebuildBundles   'gulp-watch',
54 verbose rebuildBundles   'jspm' ]
55 info install app@0.0.0
56 info postinstall app@0.0.0
57 verbose unsafe-perm in lifecycle true
58 info app@0.0.0 Failed to exec postinstall script
59 error app@0.0.0 postinstall: `jspm install`
59 error Exit status 8
60 error Failed at the app@0.0.0 postinstall script.
60 error This is most likely a problem with the app package,
60 error not with npm itself.
60 error Tell the author that this fails on your system:
60 error     jspm install
60 error You can get their info via:
60 error     npm owner ls app
60 error There is likely additional logging output above.
61 error System Darwin 15.0.0
62 error command "/Users/toddmoore/.nvm/v0.10.38/bin/node" "/Users/toddmoore/.nvm/v0.10.38/bin/npm" "install"
63 error cwd /Users/toddmoore/Development/docker-compose-nodejs-examples/03-express-gulp-watch/app
64 error node -v v0.10.38
65 error npm -v 1.4.28
66 error code ELIFECYCLE
67 verbose exit [ 1, true ]
